<?xml version="1.0" encoding="UTF-8"?>
<!-- Generated by org.testng.reporters.JUnitReportReporter -->
<testsuite hostname="DESKTOP-37FIG61" failures="0" tests="1" name="com.datadriventesting.brokenLinks" time="6.175" errors="0" timestamp="2024-07-01T11:20:08 IST" skipped="0">
  <testcase classname="com.datadriventesting.brokenLinks" name="rwer" time="6.175"/>
  <system-out/>
</testsuite> <!-- com.datadriventesting.brokenLinks -->
