<?xml version="1.0" encoding="UTF-8"?>
<!-- Generated by org.testng.reporters.JUnitReportReporter -->
<testsuite hostname="DESKTOP-37FIG61" failures="0" tests="1" name="com.datadriventesting.location" time="15.008" errors="0" timestamp="2024-06-28T12:04:41 IST" skipped="0">
  <testcase classname="com.datadriventesting.location" name="te" time="15.008"/>
</testsuite> <!-- com.datadriventesting.location -->
